[0;36m[INFO][0m 🚀 Starting deployment verification for development environment
[0;36m[INFO][0m Target domain: localhost:3001
[0;36m[INFO][0m Log file: deployment_verification_20251006_074727.log
[0;36m[INFO][0m 1️⃣ Checking environment configuration...
[0;36m[INFO][0m Using development environment configuration
[0;36m[INFO][0m 2️⃣ Testing basic connectivity...
[0;32m[SUCCESS][0m ✅ Main site accessible (HTTP 200)
[0;36m[INFO][0m 3️⃣ Running comprehensive health check...
[0;32m[SUCCESS][0m ✅ All health checks passed
[0;36m[INFO][0m 4️⃣ Testing authentication endpoints...
[0;32m[SUCCESS][0m ✅ Authentication endpoint accessible
[0;36m[INFO][0m 5️⃣ Testing organization API...
[0;32m[SUCCESS][0m ✅ Organization API responding correctly (401 for unauthenticated)
[0;36m[INFO][0m 6️⃣ Testing dashboard accessibility...
[0;32m[SUCCESS][0m ✅ Dashboard shows correct unauthenticated state
[0;36m[INFO][0m 7️⃣ Verifying Supabase configuration...
[0;36m[INFO][0m 📋 Manual checks required:
[0;36m[INFO][0m    - Supabase Auth > URL Configuration
[0;36m[INFO][0m    - Site URL: http://localhost:3001
[0;36m[INFO][0m    - Redirect URLs: http://localhost:3001/auth/callback
[0;36m[INFO][0m    - RLS policies are enabled
[0;36m[INFO][0m 8️⃣ Generating final report...
[0;32m[SUCCESS][0m 🎉 DEPLOYMENT VERIFICATION PASSED
