[0;36m[INFO][0m 🚀 Starting deployment verification for production environment
[0;36m[INFO][0m Target: https://aiohub.jp
[0;36m[INFO][0m Log file: /Users/kounogenki/Documents/LuxuCare株式会社/開発/logs/verify-production-aiohub.jp-20251006082051.log
[0;36m[INFO][0m 1️⃣ Checking root connectivity...
[0;32m[SUCCESS][0m ✅ Root endpoint (HTTP 200)
[0;36m[INFO][0m 2️⃣ Checking well-known files...
[0;32m[SUCCESS][0m ✅ robots.txt (HTTP 200 - acceptable)
[0;32m[SUCCESS][0m ✅ sitemap.xml (HTTP 200)
[0;36m[INFO][0m 3️⃣ Running comprehensive health check API...
[0;35m[RETRY][0m Retrying health check (attempt 2/3) after 1s...
[0;35m[RETRY][0m Retrying health check (attempt 3/3) after 2s...
[0;31m[ERROR][0m ❌ Health check API failed after 3 attempts
Response: <!DOCTYPE html><html lang="ja"><head><meta charSet="utf-8"/><meta name="viewport" content="width=device-width, initial-scale=1"/><link rel="stylesheet" href="/_next/static/css/3e8c03b0897ba881.css" data-precedence="next"/><link rel="preload" as="script" fetchPriority="low" href="/_next/static/chunks/webpack-2c6c9227c3d23292.js"/><script src="/_next/static/chunks/4bd1b696-100b9d70ed4e49c1.js" async=""></script><script src="/_next/static/chunks/5225-89c537e55e2565b5.js" async=""></script><script src="/_next/static/chunks/main-app-9453131d2a45d404.js" async=""></script><script src="/_next/static/chunks/2619-7685271fdec8e6c8.js" async=""></script><script src="/_next/static/chunks/4656-add7cc208b7db1ca.js" async=""></script><script src="/_next/static/chunks/app/layout-20e3d4ec032a3d92.js" async=""></script><script src="/_next/static/chunks/app/error-31d0a4579b359afa.js" async=""></script><script src="/_next/static/chunks/app/global-error-b6f0ece967e397bc.js" async=""></script><meta name="robots" content="noindex"/><title>404: This page could not be found.</title><title>AIO Hub AI企業CMS</title><meta name="description" content="AI-powered enterprise CMS for company directory and service management"/><script src="/_next/static/chunks/polyfills-42372ed130431b0a.js" noModule=""></script></head><body><div hidden=""><!--$--><!--/$--></div><header class="bg-white shadow-sm"><div class="max-w-7xl mx-auto px-4 sm:px-6 lg:px-8"><div class="flex justify-between items-center py-6"><div class="flex items-center"><a class="text-2xl font-bold text-gray-900 hover:text-blue-600" href="/">AIO Hub AI企業CMS</a><nav class="ml-10 hidden md:flex space-x-8"><a class="text-gray-500 hover:text-gray-700" href="/#service-flow">サービスの流れ</a></nav></div><div class="flex items-center space-x-4"><a class="text-gray-500 hover:text-gray-700 px-3 py-2 rounded-md text-sm font-medium" href="/auth/login">ログイン</a><a class="bg-blue-600 hover:bg-blue-700 text-white px-4 py-2 rounded-md text-sm font-medium" href="/auth/login">無料で始める</a></div></div></div></header><div style="font-family:system-ui,&quot;Segoe UI&quot;,Roboto,Helvetica,Arial,sans-serif,&quot;Apple Color Emoji&quot;,&quot;Segoe UI Emoji&quot;;height:100vh;text-align:center;display:flex;flex-direction:column;align-items:center;justify-content:center"><div><style>body{color:#000;background:#fff;margin:0}.next-error-h1{border-right:1px solid rgba(0,0,0,.3)}@media (prefers-color-scheme:dark){body{color:#fff;background:#000}.next-error-h1{border-right:1px solid rgba(255,255,255,.3)}}</style><h1 class="next-error-h1" style="display:inline-block;margin:0 20px 0 0;padding:0 23px 0 0;font-size:24px;font-weight:500;vertical-align:top;line-height:49px">404</h1><div style="display:inline-block"><h2 style="font-size:14px;font-weight:400;line-height:49px;margin:0">This page could not be found.</h2></div></div></div><!--$--><!--/$--><script src="/_next/static/chunks/webpack-2c6c9227c3d23292.js" id="_R_" async=""></script><script>(self.__next_f=self.__next_f||[]).push([0])</script><script>self.__next_f.push([1,"1:\"$Sreact.fragment\"\n2:I[84656,[\"2619\",\"static/chunks/2619-7685271fdec8e6c8.js\",\"4656\",\"static/chunks/4656-add7cc208b7db1ca.js\",\"7177\",\"static/chunks/app/layout-20e3d4ec032a3d92.js\"],\"I18nProvider\"]\n3:I[1275,[\"2619\",\"static/chunks/2619-7685271fdec8e6c8.js\",\"4656\",\"static/chunks/4656-add7cc208b7db1ca.js\",\"7177\",\"static/chunks/app/layout-20e3d4ec032a3d92.js\"],\"ToastProvider\"]\n5:I[9766,[],\"\"]\n6:I[50960,[\"8039\",\"static/chunks/app/error-31d0a4579b359afa.js\"],\"default\"]\n7:I[98924,[],\"\"]\n8:I[82304,[\"2619\",\"static/chunks/2619-7685271fdec8e6c8.js\",\"4656\",\"static/chunks/4656-add7cc208b7db1ca.js\",\"7177\",\"static/chunks/app/layout-20e3d4ec032a3d92.js\"],\"default\"]\n9:I[24431,[],\"OutletBoundary\"]\nb:I[15278,[],\"AsyncMetadataOutlet\"]\nd:I[24431,[],\"ViewportBoundary\"]\nf:I[24431,[],\"MetadataBoundary\"]\n10:\"$Sreact.suspense\"\n12:I[54062,[\"4219\",\"static/chunks/app/global-error-b6f0ece967e397bc.js\"],\"default\"]\n13:I[52619,[\"2619\",\"static/chunks/2619-7685271fdec8e6c8.js\",\"4656\",\"static/chunks/4656-add7cc208b7db1ca.js\",\"7177\",\"static/chunks/app/layout-20e3d4ec032a3d92.js\"],\"\"]\n:HL[\"/_next/static/css/3e8c03b0897ba881.css\",\"style\"]\n"])</script><script>self.__next_f.push([1,"0:{\"P\":null,\"b\":\"CTI5TKVUAzVF2E_HczqJL\",\"p\":\"\",\"c\":[\"\",\"api\",\"health\",\"deployment\"],\"i\":false,\"f\":[[[\"\",{\"children\":[\"/_not-found\",{\"children\":[\"__PAGE__\",{}]}]},\"$undefined\",\"$undefined\",true],[\"\",[\"$\",\"$1\",\"c\",{\"children\":[[[\"$\",\"link\",\"0\",{\"rel\":\"stylesheet\",\"href\":\"/_next/static/css/3e8c03b0897ba881.css\",\"precedence\":\"next\",\"crossOrigin\":\"$undefined\",\"nonce\":\"$undefined\"}]],[\"$\",\"html\",null,{\"lang\":\"ja\",\"children\":[\"$\",\"body\",null,{\"children\":[\"$\",\"$L2\",null,{\"initialLocale\":\"ja\",\"children\":[\"$\",\"$L3\",null,{\"children\":[false,\"$L4\",[\"$\",\"$L5\",null,{\"parallelRouterKey\":\"children\",\"error\":\"$6\",\"errorStyles\":[],\"errorScripts\":[],\"template\":[\"$\",\"$L7\",null,{}],\"templateStyles\":\"$undefined\",\"templateScripts\":\"$undefined\",\"notFound\":\"$undefined\",\"forbidden\":\"$undefined\",\"unauthorized\":\"$undefined\"}],[\"$\",\"$L8\",null,{}]]}]}]}]}]]}],{\"children\":[\"/_not-found\",[\"$\",\"$1\",\"c\",{\"children\":[null,[\"$\",\"$L5\",null,{\"parallelRouterKey\":\"children\",\"error\":\"$undefined\",\"errorStyles\":\"$undefined\",\"errorScripts\":\"$undefined\",\"template\":[\"$\",\"$L7\",null,{}],\"templateStyles\":\"$undefined\",\"templateScripts\":\"$undefined\",\"notFound\":\"$undefined\",\"forbidden\":\"$undefined\",\"unauthorized\":\"$undefined\"}]]}],{\"children\":[\"__PAGE__\",[\"$\",\"$1\",\"c\",{\"children\":[[[\"$\",\"title\",null,{\"children\":\"404: This page could not be found.\"}],[\"$\",\"div\",null,{\"style\":{\"fontFamily\":\"system-ui,\\\"Segoe UI\\\",Roboto,Helvetica,Arial,sans-serif,\\\"Apple Color Emoji\\\",\\\"Segoe UI Emoji\\\"\",\"height\":\"100vh\",\"textAlign\":\"center\",\"display\":\"flex\",\"flexDirection\":\"column\",\"alignItems\":\"center\",\"justifyContent\":\"center\"},\"children\":[\"$\",\"div\",null,{\"children\":[[\"$\",\"style\",null,{\"dangerouslySetInnerHTML\":{\"__html\":\"body{color:#000;background:#fff;margin:0}.next-error-h1{border-right:1px solid rgba(0,0,0,.3)}@media (prefers-color-scheme:dark){body{color:#fff;background:#000}.next-error-h1{border-right:1px solid rgba(255,255,255,.3)}}\"}}],[\"$\",\"h1\",null,{\"className\":\"next-error-h1\",\"style\":{\"display\":\"inline-block\",\"margin\":\"0 20px 0 0\",\"padding\":\"0 23px 0 0\",\"fontSize\":24,\"fontWeight\":500,\"verticalAlign\":\"top\",\"lineHeight\":\"49px\"},\"children\":404}],[\"$\",\"div\",null,{\"style\":{\"display\":\"inline-block\"},\"children\":[\"$\",\"h2\",null,{\"style\":{\"fontSize\":14,\"fontWeight\":400,\"lineHeight\":\"49px\",\"margin\":0},\"children\":\"This page could not be found.\"}]}]]}]}]],null,[\"$\",\"$L9\",null,{\"children\":[\"$La\",[\"$\",\"$Lb\",null,{\"promise\":\"$@c\"}]]}]]}],{},null,false]},null,false]},null,false],[\"$\",\"$1\",\"h\",{\"children\":[[\"$\",\"meta\",null,{\"name\":\"robots\",\"content\":\"noindex\"}],[[\"$\",\"$Ld\",null,{\"children\":\"$Le\"}],null],[\"$\",\"$Lf\",null,{\"children\":[\"$\",\"div\",null,{\"hidden\":true,\"children\":[\"$\",\"$10\",null,{\"fallback\":null,\"children\":\"$L11\"}]}]}]]}],false]],\"m\":\"$undefined\",\"G\":[\"$12\",[]],\"s\":false,\"S\":false}\n"])</script><script>self.__next_f.push([1,"e:[[\"$\",\"meta\",\"0\",{\"charSet\":\"utf-8\"}],[\"$\",\"meta\",\"1\",{\"name\":\"viewport\",\"content\":\"width=device-width, initial-scale=1\"}]]\na:null\nc:{\"metadata\":[[\"$\",\"title\",\"0\",{\"children\":\"AIO Hub AI企業CMS\"}],[\"$\",\"meta\",\"1\",{\"name\":\"description\",\"content\":\"AI-powered enterprise CMS for company directory and service management\"}]],\"error\":null,\"digest\":\"$undefined\"}\n11:\"$c:metadata\"\n"])</script><script>self.__next_f.push([1,"4:[\"$\",\"header\",null,{\"className\":\"bg-white shadow-sm\",\"children\":[\"$\",\"div\",null,{\"className\":\"max-w-7xl mx-auto px-4 sm:px-6 lg:px-8\",\"children\":[\"$\",\"div\",null,{\"className\":\"flex justify-between items-center py-6\",\"children\":[[\"$\",\"div\",null,{\"className\":\"flex items-center\",\"children\":[[\"$\",\"$L13\",null,{\"href\":\"/\",\"className\":\"text-2xl font-bold text-gray-900 hover:text-blue-600\",\"children\":\"AIO Hub AI企業CMS\"}],[\"$\",\"nav\",null,{\"className\":\"ml-10 hidden md:flex space-x-8\",\"children\":[[\"$\",\"$L13\",null,{\"href\":\"/#service-flow\",\"className\":\"text-gray-500 hover:text-gray-700\",\"children\":\"サービスの流れ\"}],false]}]]}],[\"$\",\"div\",null,{\"className\":\"flex items-center space-x-4\",\"children\":[[\"$\",\"$L13\",null,{\"href\":\"/auth/login\",\"className\":\"text-gray-500 hover:text-gray-700 px-3 py-2 rounded-md text-sm font-medium\",\"children\":\"ログイン\"}],[\"$\",\"$L13\",null,{\"href\":\"/auth/login\",\"className\":\"bg-blue-600 hover:bg-blue-700 text-white px-4 py-2 rounded-md text-sm font-medium\",\"children\":\"無料で始める\"}]]}]]}]}]}]\n"])</script></body></html>
[0;36m[INFO][0m 4️⃣ Testing organization API...
[0;32m[SUCCESS][0m ✅ Organization API (expecting 401 for unauthenticated or 200) (HTTP 401)
[0;36m[INFO][0m 5️⃣ Testing authentication endpoints...
[0;35m[RETRY][0m Retrying Debug whoami endpoint (attempt 2/3) after 1s...
[0;35m[RETRY][0m Retrying Debug whoami endpoint (attempt 3/3) after 2s...
[0;31m[ERROR][0m ❌ Debug whoami endpoint failed after 3 attempts (HTTP 404)
=== SUMMARY BEGIN ===

🔍 DEPLOYMENT VERIFICATION SUMMARY
==================================
Environment: production
Domain: aiohub.jp
Target URL: https://aiohub.jp
Timestamp: 2025年 10月 6日 月曜日 08時21分05秒 JST
Log file: /Users/kounogenki/Documents/LuxuCare株式会社/開発/logs/verify-production-aiohub.jp-20251006082051.log

Results:
  Total checks: 6
  Passed: 4
  Failed: 2
  Success rate: 66%

❌ Health check API: FAILED
[0;31m[ERROR][0m ❌ Verification failed
❌ 2/6 checks failed
❌ Review logs before proceeding

Final Result: FAILED
=== SUMMARY END ===

[0;36m[INFO][0m Verification complete. Log saved to: /Users/kounogenki/Documents/LuxuCare株式会社/開発/logs/verify-production-aiohub.jp-20251006082051.log
